[0331/003211.762:ERROR:third_party\crashpad\crashpad\util\file\file_io_win.cc:202] LockFileEx: Funktio ei kelpaa. (0x1)
[0331/003211.764:ERROR:third_party\crashpad\crashpad\util\file\file_io_win.cc:202] LockFileEx: Funktio ei kelpaa. (0x1)
[0331/003211.764:ERROR:third_party\crashpad\crashpad\util\file\file_io_win.cc:202] LockFileEx: Funktio ei kelpaa. (0x1)
[0331/003211.766:ERROR:third_party\crashpad\crashpad\util\file\file_io_win.cc:202] LockFileEx: Funktio ei kelpaa. (0x1)
[558812:558912:0331/003212.026:ERROR:components\segmentation_platform\internal\database\ukm_database_backend.cc:148] Failed to open UKM database: 0 database is locked

DevTools listening on ws://127.0.0.1:37819/devtools/browser/32c0c23e-580e-4718-8e9b-444ce8bcfda8
[558812:557964:0331/003212.036:ERROR:content\browser\network_sandbox.cc:385] Failed to grant sandbox access to cache directory \\wsl.localhost\Ubuntu\home\juuso\temp\siteforge\undefined\Users\undefined\AppData\Local\lighthouse.16380145\Default\Cache\Cache_Data: Funktio ei kelpaa. (0x1)
[558812:557964:0331/003212.041:ERROR:content\browser\network_sandbox.cc:318] Failed to grant sandbox access to NoVarySearch directory \\wsl.localhost\Ubuntu\home\juuso\temp\siteforge\undefined\Users\undefined\AppData\Local\lighthouse.16380145\Default\Cache\No_Vary_Search: Funktio ei kelpaa. (0x1)
[558812:512456:0331/003212.043:ERROR:content\browser\network_sandbox.cc:490] Failed to grant sandbox access to network context data directory \\wsl.localhost\Ubuntu\home\juuso\temp\siteforge\undefined\Users\undefined\AppData\Local\lighthouse.16380145\Default\Safe Browsing Network: Funktio ei kelpaa. (0x1)
[558812:557964:0331/003212.046:ERROR:content\browser\network_sandbox.cc:318] Failed to grant sandbox access to SharedDictionary directory \\wsl.localhost\Ubuntu\home\juuso\temp\siteforge\undefined\Users\undefined\AppData\Local\lighthouse.16380145\Default\Shared Dictionary: Funktio ei kelpaa. (0x1)
[558812:557964:0331/003212.050:ERROR:content\browser\network_sandbox.cc:490] Failed to grant sandbox access to network context data directory \\wsl.localhost\Ubuntu\home\juuso\temp\siteforge\undefined\Users\undefined\AppData\Local\lighthouse.16380145\Default\Network: Funktio ei kelpaa. (0x1)
[558812:554460:0331/003212.057:ERROR:components\password_manager\core\browser\password_store\login_database.cc:1141] Unable to open the password store database.
[558812:558104:0331/003212.057:ERROR:components\password_manager\core\browser\password_store\login_database.cc:1141] Unable to open the password store database.
[558812:554460:0331/003212.057:ERROR:components\password_manager\core\browser\password_store\login_database_async_helper.cc:79] Could not create/open login database.
[558812:558104:0331/003212.057:ERROR:components\password_manager\core\browser\password_store\login_database_async_helper.cc:79] Could not create/open login database.
[558812:528920:0331/003212.150:ERROR:components\history\core\browser\top_sites_backend.cc:78] Failed to initialize database.
[558812:558816:0331/003212.188:ERROR:content\browser\network_service_instance_impl.cc:242] Encountered error while migrating network context data or granting sandbox access for \\wsl.localhost\Ubuntu\home\juuso\temp\siteforge\undefined\Users\undefined\AppData\Local\lighthouse.16380145\Default\Safe Browsing Network. Result: 6: Toiminto suoritettiin. (0x0)
[558812:558816:0331/003212.188:ERROR:content\browser\network_service_instance_impl.cc:242] Encountered error while migrating network context data or granting sandbox access for \\wsl.localhost\Ubuntu\home\juuso\temp\siteforge\undefined\Users\undefined\AppData\Local\lighthouse.16380145\Default\Network. Result: 6: Toiminto suoritettiin. (0x0)
[558812:558816:0331/003214.323:ERROR:components\device_event_log\device_event_log_impl.cc:202] [00:32:14.322] USB: usb_service_win.cc:104 SetupDiGetDeviceProperty({{A45C254E-DF1C-4EFD-8020-67D146A850E0}, 6}) failed: Elementtiä ei löydy. (0x490)
[558812:558924:0331/003217.116:ERROR:google_apis\gcm\engine\gcm_store_impl.cc:321] Failed to open database \\wsl.localhost\Ubuntu\home\juuso\temp\siteforge\undefined\Users\undefined\AppData\Local\lighthouse.16380145\Default\GCM Store: IO error: \\wsl.localhost\Ubuntu\home\juuso\temp\siteforge\undefined\Users\undefined\AppData\Local\lighthouse.16380145\Default\GCM Store/LOCK: No further details. (ChromeMethodBFE: 15::LockFile::1)
[558812:558920:0331/003218.441:ERROR:google_apis\gcm\engine\gcm_store_impl.cc:418] Destroy failed: IO error: \\wsl.localhost\Ubuntu\home\juuso\temp\siteforge\undefined\Users\undefined\AppData\Local\lighthouse.16380145\Default\GCM Store/LOCK: No further details. (ChromeMethodBFE: 15::LockFile::1)
[558812:558940:0331/003218.441:ERROR:components\gcm_driver\gcm_client_impl.cc:759] Failed to reset GCM store
[558812:558816:0331/003612.673:ERROR:components\device_event_log\device_event_log_impl.cc:202] [00:36:12.674] FIDO: enclave_manager.cc:4274 Failed to write enclave state
