[0331/003137.985:ERROR:third_party\crashpad\crashpad\util\file\file_io_win.cc:202] LockFileEx: Funktio ei kelpaa. (0x1)
[0331/003137.989:ERROR:third_party\crashpad\crashpad\util\file\file_io_win.cc:202] LockFileEx: Funktio ei kelpaa. (0x1)
[0331/003137.991:ERROR:third_party\crashpad\crashpad\util\file\file_io_win.cc:202] LockFileEx: Funktio ei kelpaa. (0x1)
[0331/003137.994:ERROR:third_party\crashpad\crashpad\util\file\file_io_win.cc:202] LockFileEx: Funktio ei kelpaa. (0x1)
[557148:556688:0331/003138.342:ERROR:components\segmentation_platform\internal\database\ukm_database_backend.cc:148] Failed to open UKM database: 0 database is locked

DevTools listening on ws://127.0.0.1:45115/devtools/browser/ef19ee92-f553-4b55-8d1b-c3ec1d4f803f
[557148:547036:0331/003138.359:ERROR:content\browser\network_sandbox.cc:385] Failed to grant sandbox access to cache directory \\wsl.localhost\Ubuntu\home\juuso\temp\siteforge\undefined\Users\undefined\AppData\Local\lighthouse.81163589\Default\Cache\Cache_Data: Funktio ei kelpaa. (0x1)
[557148:547036:0331/003138.365:ERROR:content\browser\network_sandbox.cc:318] Failed to grant sandbox access to NoVarySearch directory \\wsl.localhost\Ubuntu\home\juuso\temp\siteforge\undefined\Users\undefined\AppData\Local\lighthouse.81163589\Default\Cache\No_Vary_Search: Funktio ei kelpaa. (0x1)
[557148:557844:0331/003138.369:ERROR:content\browser\network_sandbox.cc:490] Failed to grant sandbox access to network context data directory \\wsl.localhost\Ubuntu\home\juuso\temp\siteforge\undefined\Users\undefined\AppData\Local\lighthouse.81163589\Default\Safe Browsing Network: Funktio ei kelpaa. (0x1)
[557148:547036:0331/003138.370:ERROR:content\browser\network_sandbox.cc:318] Failed to grant sandbox access to SharedDictionary directory \\wsl.localhost\Ubuntu\home\juuso\temp\siteforge\undefined\Users\undefined\AppData\Local\lighthouse.81163589\Default\Shared Dictionary: Funktio ei kelpaa. (0x1)
[557148:556688:0331/003138.372:ERROR:components\password_manager\core\browser\password_store\login_database.cc:1141] Unable to open the password store database.
[557148:557800:0331/003138.372:ERROR:components\password_manager\core\browser\password_store\login_database.cc:1141] Unable to open the password store database.
[557148:556688:0331/003138.372:ERROR:components\password_manager\core\browser\password_store\login_database_async_helper.cc:79] Could not create/open login database.
[557148:557800:0331/003138.372:ERROR:components\password_manager\core\browser\password_store\login_database_async_helper.cc:79] Could not create/open login database.
[557148:547036:0331/003138.376:ERROR:content\browser\network_sandbox.cc:490] Failed to grant sandbox access to network context data directory \\wsl.localhost\Ubuntu\home\juuso\temp\siteforge\undefined\Users\undefined\AppData\Local\lighthouse.81163589\Default\Network: Funktio ei kelpaa. (0x1)
[557148:547036:0331/003138.496:ERROR:components\history\core\browser\top_sites_backend.cc:78] Failed to initialize database.
[557148:555044:0331/003138.527:ERROR:content\browser\network_service_instance_impl.cc:242] Encountered error while migrating network context data or granting sandbox access for \\wsl.localhost\Ubuntu\home\juuso\temp\siteforge\undefined\Users\undefined\AppData\Local\lighthouse.81163589\Default\Safe Browsing Network. Result: 6: Toiminto suoritettiin. (0x0)
[557148:555044:0331/003138.527:ERROR:content\browser\network_service_instance_impl.cc:242] Encountered error while migrating network context data or granting sandbox access for \\wsl.localhost\Ubuntu\home\juuso\temp\siteforge\undefined\Users\undefined\AppData\Local\lighthouse.81163589\Default\Network. Result: 6: Toiminto suoritettiin. (0x0)
[557148:555044:0331/003140.671:ERROR:components\device_event_log\device_event_log_impl.cc:202] [00:31:40.671] USB: usb_service_win.cc:104 SetupDiGetDeviceProperty({{A45C254E-DF1C-4EFD-8020-67D146A850E0}, 6}) failed: Elementtiä ei löydy. (0x490)
[557148:543108:0331/003143.445:ERROR:google_apis\gcm\engine\gcm_store_impl.cc:321] Failed to open database \\wsl.localhost\Ubuntu\home\juuso\temp\siteforge\undefined\Users\undefined\AppData\Local\lighthouse.81163589\Default\GCM Store: IO error: \\wsl.localhost\Ubuntu\home\juuso\temp\siteforge\undefined\Users\undefined\AppData\Local\lighthouse.81163589\Default\GCM Store/LOCK: No further details. (ChromeMethodBFE: 15::LockFile::1)
[557148:517372:0331/003144.793:ERROR:google_apis\gcm\engine\gcm_store_impl.cc:418] Destroy failed: IO error: \\wsl.localhost\Ubuntu\home\juuso\temp\siteforge\undefined\Users\undefined\AppData\Local\lighthouse.81163589\Default\GCM Store/LOCK: No further details. (ChromeMethodBFE: 15::LockFile::1)
[557148:550048:0331/003144.793:ERROR:components\gcm_driver\gcm_client_impl.cc:759] Failed to reset GCM store
[557148:555044:0331/003538.942:ERROR:components\device_event_log\device_event_log_impl.cc:202] [00:35:38.942] FIDO: enclave_manager.cc:4274 Failed to write enclave state
